{"level":"info","message":"API key loaded successfully:","timestamp":"2024-11-04T23:08:33.654Z"}
{"level":"info","message":"Uploaded file C:\\Users\\CCL\\Desktop\\mern\\mern\\server\\uploads\\1730761737967-9.mp4 as: files/oxgx9kaakt0h","timestamp":"2024-11-04T23:09:05.545Z"}
{"level":"info","message":"Waiting for file processing...","timestamp":"2024-11-04T23:09:05.548Z"}
{"level":"info","message":"\nFile is ready for use.","timestamp":"2024-11-04T23:09:06.569Z"}
{"level":"error","message":"Error uploading images: [GoogleGenerativeAI Error]: Error fetching from https://generativelanguage.googleapis.com/upload/v1beta/files: [503 Service Unavailable] ","stack":"Error: [GoogleGenerativeAI Error]: Error fetching from https://generativelanguage.googleapis.com/upload/v1beta/files: [503 Service Unavailable] \n    at handleResponseNotOk (file:///C:/Users/CCL/Desktop/mern/mern/server/node_modules/@google/generative-ai/dist/server/index.mjs:127:11)\n    at process.processTicksAndRejections (node:internal/process/task_queues:95:5)\n    at async makeRequest (file:///C:/Users/CCL/Desktop/mern/mern/server/node_modules/@google/generative-ai/dist/server/index.mjs:100:9)\n    at async GoogleAIFileManager.uploadFile (file:///C:/Users/CCL/Desktop/mern/mern/server/node_modules/@google/generative-ai/dist/server/index.mjs:317:26)\n    at async uploadToGemini (file:///C:/Users/CCL/Desktop/mern/mern/server/routes/record.js:74:24)\n    at async Promise.all (index 0)\n    at async file:///C:/Users/CCL/Desktop/mern/mern/server/routes/record.js:1186:29","status":503,"statusText":"Service Unavailable","timestamp":"2024-11-04T23:09:14.192Z"}
{"level":"info","message":"API key loaded successfully:","timestamp":"2024-11-04T23:15:25.673Z"}
{"level":"info","message":"Uploaded file C:\\Users\\CCL\\Desktop\\mern\\mern\\server\\uploads\\1730762337277-03.11.2024_11.36.52_REC.png as: files/r3m48rzu69r6","timestamp":"2024-11-04T23:18:59.593Z"}
{"level":"info","message":"Uploaded file C:\\Users\\CCL\\Desktop\\mern\\mern\\server\\uploads\\1730762344695-9.mp4 as: files/2oy9tkssxcra","timestamp":"2024-11-04T23:19:10.380Z"}
{"level":"info","message":"Waiting for file processing...","timestamp":"2024-11-04T23:19:10.382Z"}
{"level":"info","message":"\nFile is ready for use.","timestamp":"2024-11-04T23:19:11.690Z"}
{"level":"info","message":"API key loaded successfully:","timestamp":"2024-11-04T23:41:05.013Z"}
{"level":"info","message":"API key loaded successfully:","timestamp":"2024-11-04T23:57:16.539Z"}
{"level":"info","message":"Uploaded file C:\\Users\\CCL\\Desktop\\mern\\mern\\server\\uploads\\1730764779248-familia-feliz-tomando-cafe-da-manha-em-um-parque-qiu39vmd6xtm24m4l52xx36uzp103r4c691nvk1anc.webp as: files/ks6ys0vq1p2j","timestamp":"2024-11-04T23:59:41.466Z"}
{"level":"info","message":"Uploaded file C:\\Users\\CCL\\Desktop\\mern\\mern\\server\\uploads\\1730764784095-9.mp4 as: files/hddmk4bzd12r","timestamp":"2024-11-04T23:59:49.437Z"}
{"level":"info","message":"Waiting for file processing...","timestamp":"2024-11-04T23:59:49.469Z"}
{"level":"info","message":"\nFile is ready for use.","timestamp":"2024-11-04T23:59:50.755Z"}
{"level":"info","message":"API key loaded successfully:","timestamp":"2024-11-05T00:05:31.230Z"}
{"level":"info","message":"Uploaded file C:\\Users\\CCL\\Desktop\\mern\\mern\\server\\uploads\\1730765359103-familia-feliz-tomando-cafe-da-manha-em-um-parque-qiu39vmd6xtm24m4l52xx36uzp103r4c691nvk1anc.webp as: files/qbgvjby4bxoz","timestamp":"2024-11-05T00:09:21.113Z"}
{"level":"info","message":"Uploaded file C:\\Users\\CCL\\Desktop\\mern\\mern\\server\\uploads\\1730765364400-9.mp4 as: files/zloujav3wl85","timestamp":"2024-11-05T00:09:29.839Z"}
{"level":"info","message":"Waiting for file processing...","timestamp":"2024-11-05T00:09:29.841Z"}
{"level":"info","message":"\nFile is ready for use.","timestamp":"2024-11-05T00:09:42.008Z"}
{"level":"info","message":"API key loaded successfully:","timestamp":"2024-11-05T00:20:35.147Z"}
{"level":"info","message":"Uploaded file C:\\Users\\CCL\\Desktop\\mern\\mern\\server\\uploads\\1730766083302-9.mp4 as: files/x1xrkdb77dyk","timestamp":"2024-11-05T00:21:29.617Z"}
{"level":"info","message":"Waiting for file processing...","timestamp":"2024-11-05T00:21:29.620Z"}
{"level":"info","message":"\nFile is ready for use.","timestamp":"2024-11-05T00:21:30.911Z"}
{"level":"info","message":"Uploaded file C:\\Users\\CCL\\Desktop\\mern\\mern\\server\\uploads\\1730766078671-demo-img.jpg as: files/6mhwke746thz","timestamp":"2024-11-05T00:21:32.601Z"}
{"level":"error","message":"Error during video SDOH analysis: tempVideoPath is not defined","stack":"ReferenceError: tempVideoPath is not defined\n    at file:///C:/Users/CCL/Desktop/mern/mern/server/routes/record.js:1366:29","timestamp":"2024-11-05T00:21:42.889Z"}
{"level":"info","message":"API key loaded successfully:","timestamp":"2024-11-05T00:36:19.243Z"}
{"level":"info","message":"API key loaded successfully:","timestamp":"2024-11-05T00:39:48.568Z"}
{"level":"info","message":"Uploaded file C:\\Users\\CCL\\Desktop\\mern\\mern\\server\\uploads\\1730767206001-demo-img.jpg as: files/2jpkrvolvt7w","timestamp":"2024-11-05T00:40:08.232Z"}
{"level":"info","message":"Uploaded file C:\\Users\\CCL\\Desktop\\mern\\mern\\server\\uploads\\1730767213131-9.mp4 as: files/3w2byofclbq8","timestamp":"2024-11-05T00:40:18.043Z"}
{"level":"info","message":"Waiting for file processing...","timestamp":"2024-11-05T00:40:18.045Z"}
{"level":"info","message":"\nFile is ready for use.","timestamp":"2024-11-05T00:40:19.449Z"}
{"code":"ERR_INVALID_ARG_TYPE","level":"error","message":"Error during video SDOH analysis: The \"path\" argument must be of type string or an instance of Buffer or URL. Received undefined","stack":"TypeError [ERR_INVALID_ARG_TYPE]: The \"path\" argument must be of type string or an instance of Buffer or URL. Received undefined\n    at Object.unlinkSync (node:fs:1883:38)\n    at file:///C:/Users/CCL/Desktop/mern/mern/server/routes/record.js:1366:18","timestamp":"2024-11-05T00:40:29.097Z"}
{"level":"info","message":"API key loaded successfully:","timestamp":"2024-11-05T00:51:32.527Z"}
{"level":"info","message":"API key loaded successfully:","timestamp":"2024-11-05T00:53:49.846Z"}
{"level":"info","message":"Uploaded file C:\\Users\\CCL\\Desktop\\mern\\mern\\server\\uploads\\1730768091544-familia-feliz-tomando-cafe-da-manha-em-um-parque-qiu39vmd6xtm24m4l52xx36uzp103r4c691nvk1anc.webp as: files/lsibwtewzmud","timestamp":"2024-11-05T00:54:53.509Z"}
{"level":"info","message":"Uploaded file C:\\Users\\CCL\\Desktop\\mern\\mern\\server\\uploads\\1730768095628-9.mp4 as: files/c7q6bum6gxae","timestamp":"2024-11-05T00:55:00.867Z"}
{"level":"info","message":"Waiting for file processing...","timestamp":"2024-11-05T00:55:00.870Z"}
{"level":"info","message":"\nFile is ready for use.","timestamp":"2024-11-05T00:55:12.592Z"}
{"code":"ERR_INVALID_ARG_TYPE","level":"error","message":"Error during video SDOH analysis: The \"path\" argument must be of type string or an instance of Buffer or URL. Received undefined","stack":"TypeError [ERR_INVALID_ARG_TYPE]: The \"path\" argument must be of type string or an instance of Buffer or URL. Received undefined\n    at Object.unlinkSync (node:fs:1883:38)\n    at file:///C:/Users/CCL/Desktop/mern/mern/server/routes/record.js:1369:20","timestamp":"2024-11-05T00:55:21.639Z"}
{"level":"info","message":"API key loaded successfully:","timestamp":"2024-11-05T00:55:47.308Z"}
{"level":"info","message":"Uploaded file C:\\Users\\CCL\\Desktop\\mern\\mern\\server\\uploads\\1730768160107-demo-img.jpg as: files/16uvceetmka4","timestamp":"2024-11-05T00:56:02.117Z"}
{"level":"info","message":"Uploaded file C:\\Users\\CCL\\Desktop\\mern\\mern\\server\\uploads\\1730768164488-9.mp4 as: files/c7wf3ko20670","timestamp":"2024-11-05T00:56:09.521Z"}
{"level":"info","message":"Waiting for file processing...","timestamp":"2024-11-05T00:56:09.522Z"}
{"level":"info","message":"\nFile is ready for use.","timestamp":"2024-11-05T00:56:10.784Z"}
{"level":"info","message":"API key loaded successfully:","timestamp":"2024-11-05T01:05:01.037Z"}
{"level":"info","message":"Uploaded file C:\\Users\\CCL\\Desktop\\mern\\mern\\server\\uploads\\1730768883515-demo-img.jpg as: files/5o59szszlt8k","timestamp":"2024-11-05T01:08:05.904Z"}
{"level":"info","message":"Uploaded file C:\\Users\\CCL\\Desktop\\mern\\mern\\server\\uploads\\1730768888320-9.mp4 as: files/8bgsx9sccs7o","timestamp":"2024-11-05T01:08:12.908Z"}
{"level":"info","message":"Waiting for file processing...","timestamp":"2024-11-05T01:08:12.909Z"}
{"level":"info","message":"\nFile is ready for use.","timestamp":"2024-11-05T01:08:24.487Z"}
{"level":"info","message":"API key loaded successfully:","timestamp":"2024-11-05T01:15:23.095Z"}
{"level":"info","message":"Uploaded file C:\\Users\\CCL\\Desktop\\mern\\mern\\server\\uploads\\1730769483137-3099938-hd_1920_1080_30fps.mp4 as: files/ujrykljewnyo","timestamp":"2024-11-05T01:18:17.550Z"}
{"level":"info","message":"Waiting for file processing...","timestamp":"2024-11-05T01:18:17.558Z"}
{"level":"error","message":"Error uploading images: [GoogleGenerativeAI Error]: Error fetching from https://generativelanguage.googleapis.com/upload/v1beta/files: [503 Service Unavailable] ","stack":"Error: [GoogleGenerativeAI Error]: Error fetching from https://generativelanguage.googleapis.com/upload/v1beta/files: [503 Service Unavailable] \n    at handleResponseNotOk (file:///C:/Users/CCL/Desktop/mern/mern/server/node_modules/@google/generative-ai/dist/server/index.mjs:127:11)\n    at process.processTicksAndRejections (node:internal/process/task_queues:95:5)\n    at async makeRequest (file:///C:/Users/CCL/Desktop/mern/mern/server/node_modules/@google/generative-ai/dist/server/index.mjs:100:9)\n    at async GoogleAIFileManager.uploadFile (file:///C:/Users/CCL/Desktop/mern/mern/server/node_modules/@google/generative-ai/dist/server/index.mjs:317:26)\n    at async uploadToGemini (file:///C:/Users/CCL/Desktop/mern/mern/server/routes/record.js:74:24)\n    at async Promise.all (index 0)\n    at async file:///C:/Users/CCL/Desktop/mern/mern/server/routes/record.js:1192:29","status":503,"statusText":"Service Unavailable","timestamp":"2024-11-05T01:18:19.973Z"}
{"level":"info","message":"\nFile is ready for use.","timestamp":"2024-11-05T01:18:30.171Z"}
{"level":"info","message":"Uploaded file C:\\Users\\CCL\\Desktop\\mern\\mern\\server\\uploads\\1730769815314-03.11.2024_11.36.52_REC.png as: files/684v57pju6ks","timestamp":"2024-11-05T01:23:37.483Z"}
{"level":"info","message":"Uploaded file C:\\Users\\CCL\\Desktop\\mern\\mern\\server\\uploads\\1730769826490-3327104-hd_1920_1080_24fps.mp4 as: files/9d1r0gd45mvf","timestamp":"2024-11-05T01:24:08.971Z"}
{"level":"info","message":"Waiting for file processing...","timestamp":"2024-11-05T01:24:08.978Z"}
{"level":"info","message":"\nFile is ready for use.","timestamp":"2024-11-05T01:24:21.742Z"}
{"level":"info","message":"API key loaded successfully:","timestamp":"2024-11-05T01:30:41.152Z"}
{"level":"info","message":"API key loaded successfully:","timestamp":"2024-11-05T01:31:40.020Z"}
{"level":"info","message":"Uploaded file C:\\Users\\CCL\\Desktop\\mern\\mern\\server\\uploads\\1730770320280-familia-feliz-tomando-cafe-da-manha-em-um-parque-qiu39vmd6xtm24m4l52xx36uzp103r4c691nvk1anc.webp as: files/gyd2kuv1xz0k","timestamp":"2024-11-05T01:32:02.358Z"}
{"level":"info","message":"Uploaded file C:\\Users\\CCL\\Desktop\\mern\\mern\\server\\uploads\\1730770327110-9.mp4 as: files/eu7u84hon2hm","timestamp":"2024-11-05T01:32:12.275Z"}
{"level":"info","message":"Waiting for file processing...","timestamp":"2024-11-05T01:32:12.276Z"}
{"level":"info","message":"\nFile is ready for use.","timestamp":"2024-11-05T01:32:13.546Z"}
{"level":"info","message":"API key loaded successfully:","timestamp":"2024-11-05T01:38:34.972Z"}
{"level":"info","message":"Uploaded file C:\\Users\\CCL\\Desktop\\mern\\mern\\server\\uploads\\1730770731349-demo-img.jpg as: files/y2qhfptgroal","timestamp":"2024-11-05T01:38:54.286Z"}
{"level":"info","message":"Uploaded file C:\\Users\\CCL\\Desktop\\mern\\mern\\server\\uploads\\1730770741480-3099938-hd_1920_1080_30fps.mp4 as: files/j6uwu32zm5s0","timestamp":"2024-11-05T01:39:34.217Z"}
{"level":"info","message":"Waiting for file processing...","timestamp":"2024-11-05T01:39:34.218Z"}
{"level":"info","message":"\nFile is ready for use.","timestamp":"2024-11-05T01:39:47.549Z"}
{"level":"info","message":"API key loaded successfully:","timestamp":"2024-11-05T01:42:36.856Z"}
{"level":"info","message":"Uploaded file C:\\Users\\CCL\\Desktop\\mern\\mern\\server\\uploads\\1730771001973-demo-img.jpg as: files/sdintnjfk23b","timestamp":"2024-11-05T01:43:23.885Z"}
{"level":"info","message":"Uploaded file C:\\Users\\CCL\\Desktop\\mern\\mern\\server\\uploads\\1730771009700-9.mp4 as: files/805mzh8zkprx","timestamp":"2024-11-05T01:43:46.813Z"}
{"level":"info","message":"Waiting for file processing...","timestamp":"2024-11-05T01:43:46.814Z"}
{"level":"info","message":"\nFile is ready for use.","timestamp":"2024-11-05T01:43:48.147Z"}
{"level":"error","message":"Error during video SDOH analysis: sdohVideoInsightsArray is not defined","stack":"ReferenceError: sdohVideoInsightsArray is not defined\n    at file:///C:/Users/CCL/Desktop/mern/mern/server/routes/record.js:1332:27","timestamp":"2024-11-05T01:44:05.614Z"}
{"level":"info","message":"API key loaded successfully:","timestamp":"2024-11-05T01:47:16.881Z"}
{"level":"info","message":"API key loaded successfully:","timestamp":"2024-11-05T01:48:26.118Z"}
{"level":"info","message":"API key loaded successfully:","timestamp":"2024-11-05T01:49:42.570Z"}
{"level":"info","message":"Uploaded file C:\\Users\\CCL\\Desktop\\mern\\mern\\server\\uploads\\1730771387475-demo-img.jpg as: files/axilhp1uq1zu","timestamp":"2024-11-05T01:49:49.635Z"}
{"level":"info","message":"Uploaded file C:\\Users\\CCL\\Desktop\\mern\\mern\\server\\uploads\\1730771392056-9.mp4 as: files/quaikmvdqpu4","timestamp":"2024-11-05T01:49:56.767Z"}
{"level":"info","message":"Waiting for file processing...","timestamp":"2024-11-05T01:49:56.769Z"}
{"level":"info","message":"\nFile is ready for use.","timestamp":"2024-11-05T01:49:58.038Z"}
{"date":"Tue Nov 05 2024 02:50:03 GMT+0100 (West Africa Standard Time)","error":{},"level":"error","message":"unhandledRejection: Cannot read properties of undefined (reading 'catch')\nTypeError: Cannot read properties of undefined (reading 'catch')\n    at GridFSBucketWriteStream.<anonymous> (file:///C:/Users/CCL/Desktop/mern/mern/server/routes/record.js:1335:13)\n    at process.processTicksAndRejections (node:internal/process/task_queues:95:5)","os":{"loadavg":[0,0,0],"uptime":49079.046},"process":{"argv":["C:\\Program Files\\nodejs\\node.exe","C:\\Users\\CCL\\Desktop\\mern\\mern\\server\\server","server.js"],"cwd":"C:\\Users\\CCL\\Desktop\\mern\\mern\\server","execPath":"C:\\Program Files\\nodejs\\node.exe","gid":null,"memoryUsage":{"arrayBuffers":19101892,"external":23548074,"heapTotal":87715840,"heapUsed":50574256,"rss":132943872},"pid":14376,"uid":null,"version":"v20.16.0"},"rejection":true,"stack":"TypeError: Cannot read properties of undefined (reading 'catch')\n    at GridFSBucketWriteStream.<anonymous> (file:///C:/Users/CCL/Desktop/mern/mern/server/routes/record.js:1335:13)\n    at process.processTicksAndRejections (node:internal/process/task_queues:95:5)","timestamp":"2024-11-05T01:50:03.364Z","trace":[{"column":13,"file":"file:///C:/Users/CCL/Desktop/mern/mern/server/routes/record.js","function":null,"line":1335,"method":null,"native":false},{"column":5,"file":"node:internal/process/task_queues","function":"process.processTicksAndRejections","line":95,"method":"processTicksAndRejections","native":false}]}
{"level":"info","message":"API key loaded successfully:","timestamp":"2024-11-05T01:50:43.893Z"}
{"level":"info","message":"Uploaded file C:\\Users\\CCL\\Desktop\\mern\\mern\\server\\uploads\\1730771458391-39c2f5f9-ac0a-42b0-b006-eaebb70b1ada.jpg as: files/7etipfrfwnxd","timestamp":"2024-11-05T01:51:12.592Z"}
{"level":"info","message":"Uploaded file C:\\Users\\CCL\\Desktop\\mern\\mern\\server\\uploads\\1730771471148-9.mp4 as: files/vl0a6cu7u0mq","timestamp":"2024-11-05T01:51:16.305Z"}
{"level":"info","message":"Waiting for file processing...","timestamp":"2024-11-05T01:51:16.307Z"}
{"level":"info","message":"\nFile is ready for use.","timestamp":"2024-11-05T01:51:29.111Z"}
{"date":"Tue Nov 05 2024 02:51:34 GMT+0100 (West Africa Standard Time)","error":{},"level":"error","message":"unhandledRejection: Cannot read properties of undefined (reading 'catch')\nTypeError: Cannot read properties of undefined (reading 'catch')\n    at GridFSBucketWriteStream.<anonymous> (file:///C:/Users/CCL/Desktop/mern/mern/server/routes/record.js:1335:13)\n    at process.processTicksAndRejections (node:internal/process/task_queues:95:5)","os":{"loadavg":[0,0,0],"uptime":49170.546},"process":{"argv":["C:\\Program Files\\nodejs\\node.exe","C:\\Users\\CCL\\Desktop\\mern\\mern\\server\\server","server.js"],"cwd":"C:\\Users\\CCL\\Desktop\\mern\\mern\\server","execPath":"C:\\Program Files\\nodejs\\node.exe","gid":null,"memoryUsage":{"arrayBuffers":26265219,"external":28533746,"heapTotal":56786944,"heapUsed":52418232,"rss":107966464},"pid":11544,"uid":null,"version":"v20.16.0"},"rejection":true,"stack":"TypeError: Cannot read properties of undefined (reading 'catch')\n    at GridFSBucketWriteStream.<anonymous> (file:///C:/Users/CCL/Desktop/mern/mern/server/routes/record.js:1335:13)\n    at process.processTicksAndRejections (node:internal/process/task_queues:95:5)","timestamp":"2024-11-05T01:51:34.861Z","trace":[{"column":13,"file":"file:///C:/Users/CCL/Desktop/mern/mern/server/routes/record.js","function":null,"line":1335,"method":null,"native":false},{"column":5,"file":"node:internal/process/task_queues","function":"process.processTicksAndRejections","line":95,"method":"processTicksAndRejections","native":false}]}
{"level":"info","message":"API key loaded successfully:","timestamp":"2024-11-05T01:52:12.144Z"}
{"level":"info","message":"API key loaded successfully:","timestamp":"2024-11-05T01:52:36.201Z"}
{"level":"info","message":"Uploaded file C:\\Users\\CCL\\Desktop\\mern\\mern\\server\\uploads\\1730771590255-demo-img.jpg as: files/sj1j3wh4cenx","timestamp":"2024-11-05T01:53:12.157Z"}
{"level":"info","message":"Uploaded file C:\\Users\\CCL\\Desktop\\mern\\mern\\server\\uploads\\1730771594845-9.mp4 as: files/vmgms4kaf26e","timestamp":"2024-11-05T01:53:19.792Z"}
{"level":"info","message":"Waiting for file processing...","timestamp":"2024-11-05T01:53:19.794Z"}
{"level":"info","message":"\nFile is ready for use.","timestamp":"2024-11-05T01:53:32.382Z"}
{"level":"info","message":"API key loaded successfully:","timestamp":"2024-11-05T02:18:30.928Z"}
{"level":"info","message":"Uploaded file C:\\Users\\CCL\\Desktop\\mern\\mern\\server\\uploads\\1730773128834-demo-img.jpg as: files/vgxruugqd036","timestamp":"2024-11-05T02:18:50.782Z"}
{"level":"info","message":"Uploaded file C:\\Users\\CCL\\Desktop\\mern\\mern\\server\\uploads\\1730773134015-9.mp4 as: files/saz5mvh39o0x","timestamp":"2024-11-05T02:18:59.187Z"}
{"level":"info","message":"Waiting for file processing...","timestamp":"2024-11-05T02:18:59.190Z"}
{"level":"info","message":"\nFile is ready for use.","timestamp":"2024-11-05T02:19:00.513Z"}
{"level":"error","message":"Error during video SDOH analysis: sdohSummary is not defined","stack":"ReferenceError: sdohSummary is not defined\n    at analyzeSDOHDataForVideo (file:///C:/Users/CCL/Desktop/mern/mern/server/routes/record.js:1546:45)","timestamp":"2024-11-05T02:19:18.111Z"}
{"level":"info","message":"API key loaded successfully:","timestamp":"2024-11-05T02:25:52.005Z"}
{"level":"info","message":"API key loaded successfully:","timestamp":"2024-11-05T02:26:08.927Z"}
{"level":"info","message":"Uploaded file C:\\Users\\CCL\\Desktop\\mern\\mern\\server\\uploads\\1730773605881-demo-img.jpg as: files/m394a5a2mfix","timestamp":"2024-11-05T02:26:48.108Z"}
{"level":"info","message":"Uploaded file C:\\Users\\CCL\\Desktop\\mern\\mern\\server\\uploads\\1730773610861-9.mp4 as: files/bzl8fonhwn7t","timestamp":"2024-11-05T02:26:55.655Z"}
{"level":"info","message":"Waiting for file processing...","timestamp":"2024-11-05T02:26:55.676Z"}
{"level":"info","message":"\nFile is ready for use.","timestamp":"2024-11-05T02:27:07.405Z"}
{"level":"error","message":"Error during video SDOH analysis: extractFramesFromVideo is not defined","stack":"ReferenceError: extractFramesFromVideo is not defined\n    at analyzeSDOHDataForVideo (file:///C:/Users/CCL/Desktop/mern/mern/server/routes/record.js:1465:5)\n    at process.processTicksAndRejections (node:internal/process/task_queues:95:5)","timestamp":"2024-11-05T02:27:16.417Z"}
{"level":"info","message":"API key loaded successfully:","timestamp":"2024-11-05T02:29:24.001Z"}
{"level":"info","message":"Uploaded file C:\\Users\\CCL\\Desktop\\mern\\mern\\server\\uploads\\1730773773989-demo-img.jpg as: files/9d0biwymr6n8","timestamp":"2024-11-05T02:29:36.163Z"}
{"level":"info","message":"Uploaded file C:\\Users\\CCL\\Desktop\\mern\\mern\\server\\uploads\\1730773778132-9.mp4 as: files/73rn867rec22","timestamp":"2024-11-05T02:29:43.537Z"}
{"level":"info","message":"Waiting for file processing...","timestamp":"2024-11-05T02:29:43.538Z"}
{"level":"info","message":"\nFile is ready for use.","timestamp":"2024-11-05T02:29:56.110Z"}
{"level":"error","message":"Error during video SDOH analysis: calculateOverallScore is not defined","stack":"ReferenceError: calculateOverallScore is not defined\n    at analyzeSDOHDataForVideo (file:///C:/Users/CCL/Desktop/mern/mern/server/routes/record.js:1547:21)","timestamp":"2024-11-05T02:30:11.914Z"}
{"level":"info","message":"API key loaded successfully:","timestamp":"2024-11-05T02:49:35.741Z"}
{"level":"info","message":"Uploaded file C:\\Users\\CCL\\Desktop\\mern\\mern\\server\\uploads\\1730774997129-demo-img.jpg as: files/ni99ciukz3dj","timestamp":"2024-11-05T02:49:59.049Z"}
{"level":"info","message":"Uploaded file C:\\Users\\CCL\\Desktop\\mern\\mern\\server\\uploads\\1730775002053-9.mp4 as: files/3umtixgjpfmb","timestamp":"2024-11-05T02:50:06.809Z"}
{"level":"info","message":"Waiting for file processing...","timestamp":"2024-11-05T02:50:06.810Z"}
{"level":"info","message":"\nFile is ready for use.","timestamp":"2024-11-05T02:50:08.110Z"}
{"level":"info","message":"Uploaded file C:\\Users\\CCL\\Desktop\\mern\\mern\\server\\uploads\\1730775249622-demo-img.jpg as: files/z69z6vtkbd18","timestamp":"2024-11-05T02:54:11.548Z"}
{"level":"info","message":"Uploaded file C:\\Users\\CCL\\Desktop\\mern\\mern\\server\\uploads\\1730775256557-3327104-hd_1920_1080_24fps.mp4 as: files/msb8rqbkfjet","timestamp":"2024-11-05T02:54:39.276Z"}
{"level":"info","message":"Waiting for file processing...","timestamp":"2024-11-05T02:54:39.285Z"}
{"level":"info","message":"\nFile is ready for use.","timestamp":"2024-11-05T02:54:50.832Z"}
