{"level":"info","message":"API key loaded successfully:","timestamp":"2024-11-04T15:35:15.393Z"}
{"level":"info","message":"API key loaded successfully:","timestamp":"2024-11-04T20:23:20.351Z"}
{"level":"info","message":"API key loaded successfully:","timestamp":"2024-11-04T20:25:11.648Z"}
{"level":"info","message":"Uploaded file C:\\Users\\CCL\\Desktop\\mern\\mern\\server\\uploads\\1730751967597-familia-feliz-tomando-cafe-da-manha-em-um-parque-qiu39vmd6xtm24m4l52xx36uzp103r4c691nvk1anc.webp as: files/vtxay38yc98a","timestamp":"2024-11-04T20:26:10.061Z"}
{"level":"info","message":"Uploaded file C:\\Users\\CCL\\Desktop\\mern\\mern\\server\\uploads\\1730751986857-9.mp4 as: files/btk5zkvpwnh5","timestamp":"2024-11-04T20:26:30.422Z"}
{"level":"info","message":"Waiting for file processing...","timestamp":"2024-11-04T20:26:30.429Z"}
{"level":"info","message":"\nFile is ready for use.","timestamp":"2024-11-04T20:26:31.494Z"}
{"createTime":"2024-11-04T20:26:30.439139Z","displayName":"C:\\Users\\CCL\\Desktop\\mern\\mern\\server\\uploads\\1730751986857-9.mp4","expirationTime":"2024-11-06T20:26:30.427837613Z","level":"info","message":"File is ready:","mimeType":"video/mp4","name":"files/btk5zkvpwnh5","sha256Hash":"MmJlYzc5OGIyMjZlMDA2YTMxZWFlZGUxZTk4Zjg0N2QwOTU2OWY3YmYzNThjYzFhNjljODlkMzQ5ODY0ZGZmMg==","sizeBytes":"2177443","state":"ACTIVE","timestamp":"2024-11-04T20:26:46.714Z","updateTime":"2024-11-04T20:26:31.645257Z","uri":"https://generativelanguage.googleapis.com/v1beta/files/btk5zkvpwnh5","videoMetadata":{"videoDuration":"12s"}}
{"level":"info","message":"API key loaded successfully:","timestamp":"2024-11-04T21:25:51.003Z"}
{"level":"info","message":"Uploaded file C:\\Users\\CCL\\Desktop\\mern\\mern\\server\\uploads\\1730755580660-demo-img.jpg as: files/4262vtpei3zd","timestamp":"2024-11-04T21:26:23.970Z"}
{"level":"info","message":"Uploaded file C:\\Users\\CCL\\Desktop\\mern\\mern\\server\\uploads\\1730755585000-9.mp4 as: files/5loeim8v9h5a","timestamp":"2024-11-04T21:26:28.711Z"}
{"level":"info","message":"Waiting for file processing...","timestamp":"2024-11-04T21:26:28.712Z"}
{"level":"info","message":"\nFile is ready for use.","timestamp":"2024-11-04T21:26:30.754Z"}
{"createTime":"2024-11-04T21:26:28.084953Z","displayName":"C:\\Users\\CCL\\Desktop\\mern\\mern\\server\\uploads\\1730755585000-9.mp4","expirationTime":"2024-11-06T21:26:28.067504807Z","level":"info","message":"File is ready:","mimeType":"video/mp4","name":"files/5loeim8v9h5a","sha256Hash":"MmJlYzc5OGIyMjZlMDA2YTMxZWFlZGUxZTk4Zjg0N2QwOTU2OWY3YmYzNThjYzFhNjljODlkMzQ5ODY0ZGZmMg==","sizeBytes":"2177443","state":"ACTIVE","timestamp":"2024-11-04T21:26:47.075Z","updateTime":"2024-11-04T21:26:29.286202Z","uri":"https://generativelanguage.googleapis.com/v1beta/files/5loeim8v9h5a","videoMetadata":{"videoDuration":"12s"}}
{"level":"info","message":"API key loaded successfully:","timestamp":"2024-11-04T21:30:20.041Z"}
{"level":"info","message":"API key loaded successfully:","timestamp":"2024-11-04T21:30:43.146Z"}
{"level":"info","message":"Uploaded file C:\\Users\\CCL\\Desktop\\mern\\mern\\server\\uploads\\1730755854124-demo-img.jpg as: files/rqwfgifm0wf8","timestamp":"2024-11-04T21:30:56.539Z"}
{"level":"info","message":"Uploaded file C:\\Users\\CCL\\Desktop\\mern\\mern\\server\\uploads\\1730755859010-9.mp4 as: files/rwnlygrg5uvu","timestamp":"2024-11-04T21:31:00.972Z"}
{"level":"info","message":"Waiting for file processing...","timestamp":"2024-11-04T21:31:00.974Z"}
{"level":"info","message":"\nFile is ready for use.","timestamp":"2024-11-04T21:31:02.356Z"}
{"level":"error","message":"Error uploading video: Cannot read properties of undefined (reading 'data')","stack":"TypeError: Cannot read properties of undefined (reading 'data')\n    at analyzeSDOHDataForVideo (file:///C:/Users/CCL/Desktop/mern/mern/server/routes/record.js:1266:53)\n    at process.processTicksAndRejections (node:internal/process/task_queues:95:5)\n    at async file:///C:/Users/CCL/Desktop/mern/mern/server/routes/record.js:1377:31","timestamp":"2024-11-04T21:31:11.200Z"}
{"level":"info","message":"API key loaded successfully:","timestamp":"2024-11-04T21:37:28.539Z"}
{"level":"info","message":"API key loaded successfully:","timestamp":"2024-11-04T21:37:43.693Z"}
{"level":"info","message":"Uploaded file C:\\Users\\CCL\\Desktop\\mern\\mern\\server\\uploads\\1730756282685-demo-img.jpg as: files/7pvodlehipfr","timestamp":"2024-11-04T21:38:05.526Z"}
{"level":"info","message":"Uploaded file C:\\Users\\CCL\\Desktop\\mern\\mern\\server\\uploads\\1730756287471-9.mp4 as: files/9hye2rci1eko","timestamp":"2024-11-04T21:38:10.128Z"}
{"level":"info","message":"Waiting for file processing...","timestamp":"2024-11-04T21:38:10.129Z"}
{"level":"info","message":"\nFile is ready for use.","timestamp":"2024-11-04T21:38:22.384Z"}
{"level":"error","message":"Error uploading video: Cannot read properties of null (reading 'buffer')","stack":"TypeError: Cannot read properties of null (reading 'buffer')\n    at analyzeSDOHDataForVideo (file:///C:/Users/CCL/Desktop/mern/mern/server/routes/record.js:1279:59)\n    at process.processTicksAndRejections (node:internal/process/task_queues:95:5)\n    at async file:///C:/Users/CCL/Desktop/mern/mern/server/routes/record.js:1379:31","timestamp":"2024-11-04T21:39:05.479Z"}
{"level":"info","message":"API key loaded successfully:","timestamp":"2024-11-04T21:40:51.876Z"}
{"level":"info","message":"API key loaded successfully:","timestamp":"2024-11-04T21:41:13.277Z"}
{"level":"info","message":"Uploaded file C:\\Users\\CCL\\Desktop\\mern\\mern\\server\\uploads\\1730756493558-familia-feliz-tomando-cafe-da-manha-em-um-parque-qiu39vmd6xtm24m4l52xx36uzp103r4c691nvk1anc.webp as: files/mvho6eg0nwdi","timestamp":"2024-11-04T21:41:35.921Z"}
{"level":"info","message":"Uploaded file C:\\Users\\CCL\\Desktop\\mern\\mern\\server\\uploads\\1730756499053-9.mp4 as: files/i2vm6c0m8igy","timestamp":"2024-11-04T21:41:41.417Z"}
{"level":"info","message":"Waiting for file processing...","timestamp":"2024-11-04T21:41:41.419Z"}
{"level":"info","message":"\nFile is ready for use.","timestamp":"2024-11-04T21:41:53.569Z"}
{"code":10334,"errorResponse":{"code":10334,"errmsg":"BSONObj size: 17419945 (0x109CEA9) is invalid. Size must be between 0 and 16793600(16MB) First element: _id: ObjectId('672845de77fe89bab9f5c0f6')","index":0},"index":0,"level":"error","message":"Error uploading video: BSONObj size: 17419945 (0x109CEA9) is invalid. Size must be between 0 and 16793600(16MB) First element: _id: ObjectId('672845de77fe89bab9f5c0f6')","stack":"MongoServerError: BSONObj size: 17419945 (0x109CEA9) is invalid. Size must be between 0 and 16793600(16MB) First element: _id: ObjectId('672845de77fe89bab9f5c0f6')\n    at UpdateOneOperation.execute (C:\\Users\\CCL\\Desktop\\mern\\mern\\server\\node_modules\\mongodb\\lib\\operations\\update.js:75:19)\n    at process.processTicksAndRejections (node:internal/process/task_queues:95:5)\n    at async tryOperation (C:\\Users\\CCL\\Desktop\\mern\\mern\\server\\node_modules\\mongodb\\lib\\operations\\execute_operation.js:192:20)\n    at async executeOperation (C:\\Users\\CCL\\Desktop\\mern\\mern\\server\\node_modules\\mongodb\\lib\\operations\\execute_operation.js:69:16)\n    at async Collection.updateOne (C:\\Users\\CCL\\Desktop\\mern\\mern\\server\\node_modules\\mongodb\\lib\\collection.js:204:16)\n    at async file:///C:/Users/CCL/Desktop/mern/mern/server/routes/record.js:1374:5","timestamp":"2024-11-04T21:41:55.075Z"}
{"level":"info","message":"API key loaded successfully:","timestamp":"2024-11-04T22:07:50.174Z"}
{"level":"info","message":"Uploaded file C:\\Users\\CCL\\Desktop\\mern\\mern\\server\\uploads\\1730758177157-03.11.2024_11.36.52_REC.png as: files/26nh6rk61wek","timestamp":"2024-11-04T22:09:41.018Z"}
{"level":"info","message":"Uploaded file C:\\Users\\CCL\\Desktop\\mern\\mern\\server\\uploads\\1730758181721-9.mp4 as: files/rwd30t044w3r","timestamp":"2024-11-04T22:09:44.997Z"}
{"level":"info","message":"Waiting for file processing...","timestamp":"2024-11-04T22:09:44.998Z"}
{"level":"info","message":"\nFile is ready for use.","timestamp":"2024-11-04T22:09:46.339Z"}
{"level":"error","message":"Error uploading video: newDocument is not defined","stack":"ReferenceError: newDocument is not defined\n    at file:///C:/Users/CCL/Desktop/mern/mern/server/routes/record.js:1362:32\n    at process.processTicksAndRejections (node:internal/process/task_queues:95:5)","timestamp":"2024-11-04T22:09:46.341Z"}
{"level":"info","message":"API key loaded successfully:","timestamp":"2024-11-04T22:19:09.049Z"}
{"level":"info","message":"API key loaded successfully:","timestamp":"2024-11-04T22:19:54.311Z"}
{"level":"info","message":"API key loaded successfully:","timestamp":"2024-11-04T22:23:51.674Z"}
{"level":"info","message":"API key loaded successfully:","timestamp":"2024-11-04T22:27:32.091Z"}
{"level":"info","message":"Uploaded file C:\\Users\\CCL\\Desktop\\mern\\mern\\server\\uploads\\1730759281318-39c2f5f9-ac0a-42b0-b006-eaebb70b1ada.jpg as: files/33x9ikwrtcfg","timestamp":"2024-11-04T22:28:04.940Z"}
{"level":"info","message":"Uploaded file C:\\Users\\CCL\\Desktop\\mern\\mern\\server\\uploads\\1730759285611-9.mp4 as: files/v0ig24j1ecag","timestamp":"2024-11-04T22:28:10.595Z"}
{"level":"info","message":"Waiting for file processing...","timestamp":"2024-11-04T22:28:10.597Z"}
{"level":"info","message":"\nFile is ready for use.","timestamp":"2024-11-04T22:28:11.791Z"}
{"code":10334,"errorResponse":{"code":10334,"errmsg":"BSONObj size: 17419945 (0x109CEA9) is invalid. Size must be between 0 and 16793600(16MB) First element: _id: ObjectId('672845de77fe89bab9f5c0f6')","index":0},"index":0,"level":"error","message":"Error uploading video: BSONObj size: 17419945 (0x109CEA9) is invalid. Size must be between 0 and 16793600(16MB) First element: _id: ObjectId('672845de77fe89bab9f5c0f6')","stack":"MongoServerError: BSONObj size: 17419945 (0x109CEA9) is invalid. Size must be between 0 and 16793600(16MB) First element: _id: ObjectId('672845de77fe89bab9f5c0f6')\n    at UpdateOneOperation.execute (C:\\Users\\CCL\\Desktop\\mern\\mern\\server\\node_modules\\mongodb\\lib\\operations\\update.js:75:19)\n    at process.processTicksAndRejections (node:internal/process/task_queues:95:5)\n    at async tryOperation (C:\\Users\\CCL\\Desktop\\mern\\mern\\server\\node_modules\\mongodb\\lib\\operations\\execute_operation.js:192:20)\n    at async executeOperation (C:\\Users\\CCL\\Desktop\\mern\\mern\\server\\node_modules\\mongodb\\lib\\operations\\execute_operation.js:69:16)\n    at async Collection.updateOne (C:\\Users\\CCL\\Desktop\\mern\\mern\\server\\node_modules\\mongodb\\lib\\collection.js:204:16)\n    at async file:///C:/Users/CCL/Desktop/mern/mern/server/routes/record.js:1371:5","timestamp":"2024-11-04T22:28:13.721Z"}
{"level":"info","message":"API key loaded successfully:","timestamp":"2024-11-04T22:30:37.642Z"}
{"level":"info","message":"Uploaded file C:\\Users\\CCL\\Desktop\\mern\\mern\\server\\uploads\\1730759644821-39c2f5f9-ac0a-42b0-b006-eaebb70b1ada.jpg as: files/1hz6ihogwok3","timestamp":"2024-11-04T22:34:07.220Z"}
{"level":"info","message":"Uploaded file C:\\Users\\CCL\\Desktop\\mern\\mern\\server\\uploads\\1730759649364-9.mp4 as: files/lf0zwvmva1y1","timestamp":"2024-11-04T22:34:11.334Z"}
{"level":"info","message":"Waiting for file processing...","timestamp":"2024-11-04T22:34:11.335Z"}
{"level":"info","message":"\nFile is ready for use.","timestamp":"2024-11-04T22:34:12.398Z"}
{"level":"info","message":"API key loaded successfully:","timestamp":"2024-11-04T22:34:33.833Z"}
{"level":"info","message":"Uploaded file C:\\Users\\CCL\\Desktop\\mern\\mern\\server\\uploads\\1730759697832-demo-img.jpg as: files/16gs70u8zqlq","timestamp":"2024-11-04T22:35:00.836Z"}
{"level":"info","message":"Uploaded file C:\\Users\\CCL\\Desktop\\mern\\mern\\server\\uploads\\1730759701674-9.mp4 as: files/4xm0gae3an6h","timestamp":"2024-11-04T22:35:07.443Z"}
{"level":"info","message":"Waiting for file processing...","timestamp":"2024-11-04T22:35:07.444Z"}
{"level":"info","message":"\nFile is ready for use.","timestamp":"2024-11-04T22:35:20.103Z"}
{"level":"info","message":"API key loaded successfully:","timestamp":"2024-11-04T22:37:37.196Z"}
{"level":"info","message":"API key loaded successfully:","timestamp":"2024-11-04T22:40:21.397Z"}
{"level":"info","message":"API key loaded successfully:","timestamp":"2024-11-04T22:47:19.238Z"}
{"level":"info","message":"Uploaded file C:\\Users\\CCL\\Desktop\\mern\\mern\\server\\uploads\\1730760504757-03.11.2024_11.36.52_REC.png as: files/14oavimir70l","timestamp":"2024-11-04T22:48:28.170Z"}
{"level":"info","message":"Uploaded file C:\\Users\\CCL\\Desktop\\mern\\mern\\server\\uploads\\1730760509515-9.mp4 as: files/cxs36mbh80dl","timestamp":"2024-11-04T22:48:32.413Z"}
{"level":"info","message":"Waiting for file processing...","timestamp":"2024-11-04T22:48:32.415Z"}
{"level":"info","message":"\nFile is ready for use.","timestamp":"2024-11-04T22:48:33.617Z"}
{"level":"error","message":"Error uploading video: Cannot read properties of null (reading 'uploadedVideoId')","stack":"TypeError: Cannot read properties of null (reading 'uploadedVideoId')\n    at analyzeSDOHDataForVideo (file:///C:/Users/CCL/Desktop/mern/mern/server/routes/record.js:1260:37)\n    at process.processTicksAndRejections (node:internal/process/task_queues:95:5)\n    at async file:///C:/Users/CCL/Desktop/mern/mern/server/routes/record.js:1367:31","timestamp":"2024-11-04T22:48:35.688Z"}
{"level":"info","message":"API key loaded successfully:","timestamp":"2024-11-04T22:54:06.084Z"}
{"level":"info","message":"API key loaded successfully:","timestamp":"2024-11-04T22:57:59.750Z"}
{"level":"info","message":"Uploaded file C:\\Users\\CCL\\Desktop\\mern\\mern\\server\\uploads\\1730761103531-familia-feliz-tomando-cafe-da-manha-em-um-parque-qiu39vmd6xtm24m4l52xx36uzp103r4c691nvk1anc.webp as: files/artvdl8s7mcb","timestamp":"2024-11-04T22:58:25.989Z"}
{"level":"info","message":"Uploaded file C:\\Users\\CCL\\Desktop\\mern\\mern\\server\\uploads\\1730761159285-9.mp4 as: files/8oudqlfkipnn","timestamp":"2024-11-04T22:59:21.868Z"}
{"level":"info","message":"Waiting for file processing...","timestamp":"2024-11-04T22:59:21.869Z"}
{"level":"info","message":"\nFile is ready for use.","timestamp":"2024-11-04T22:59:23.267Z"}
{"createTime":"2024-11-04T22:59:21.512707Z","displayName":"C:\\Users\\CCL\\Desktop\\mern\\mern\\server\\uploads\\1730761159285-9.mp4","expirationTime":"2024-11-06T22:59:21.496446004Z","level":"info","message":"File is ready:","mimeType":"video/mp4","name":"files/8oudqlfkipnn","sha256Hash":"MmJlYzc5OGIyMjZlMDA2YTMxZWFlZGUxZTk4Zjg0N2QwOTU2OWY3YmYzNThjYzFhNjljODlkMzQ5ODY0ZGZmMg==","sizeBytes":"2177443","state":"ACTIVE","timestamp":"2024-11-04T22:59:23.269Z","updateTime":"2024-11-04T22:59:22.601722Z","uri":"https://generativelanguage.googleapis.com/v1beta/files/8oudqlfkipnn","videoMetadata":{"videoDuration":"12s"}}
{"level":"error","message":"Error uploading video: sdohInsightsArray is not defined","stack":"ReferenceError: sdohInsightsArray is not defined\n    at file:///C:/Users/CCL/Desktop/mern/mern/server/routes/record.js:1396:17\n    at process.processTicksAndRejections (node:internal/process/task_queues:95:5)","timestamp":"2024-11-04T22:59:29.838Z"}
