{"level":"info","message":"API key loaded successfully:","timestamp":"2024-11-06T23:00:23.084Z"}
{"level":"info","message":"API key loaded successfully:","timestamp":"2024-11-06T23:00:27.362Z"}
{"level":"info","message":"API key loaded successfully:","timestamp":"2024-11-06T23:02:04.240Z"}
{"level":"info","message":"API key loaded successfully:","timestamp":"2024-11-06T23:02:09.254Z"}
{"0":"3","1":"2","2":"4","level":"info","message":"Received request for patientId:","timestamp":"2024-11-06T23:02:53.493Z"}
{"level":"info","message":"API key loaded successfully:","timestamp":"2024-11-07T09:15:50.524Z"}
{"level":"info","message":"API key loaded successfully:","timestamp":"2024-11-07T09:15:52.823Z"}
{"level":"info","message":"Uploaded file C:\\Users\\CCL\\Desktop\\mern\\mern\\server\\uploads\\1730972651771-f2710c23-f626-48e9-ac41-f9d768b42977.jpg as: files/bh30bghtb7oz","timestamp":"2024-11-07T09:44:13.690Z"}
{"level":"info","message":"Uploaded file C:\\Users\\CCL\\Desktop\\mern\\mern\\server\\uploads\\1730972651768-39c2f5f9-ac0a-42b0-b006-eaebb70b1ada.jpg as: files/ha4i9969bze","timestamp":"2024-11-07T09:44:13.698Z"}
{"level":"info","message":"Uploaded file C:\\Users\\CCL\\Desktop\\mern\\mern\\server\\uploads\\1730972651788-lsr4fu7.jpg as: files/pg2bdck528zu","timestamp":"2024-11-07T09:44:13.983Z"}
{"level":"info","message":"Uploaded file C:\\Users\\CCL\\Desktop\\mern\\mern\\server\\uploads\\1730972651775-Japanese-Man-in-Traditional-Costume-Stands-Out-on-Busy-Street_2457694_wh1200.png as: files/x5alwvf46wfo","timestamp":"2024-11-07T09:44:14.518Z"}
{"level":"info","message":"Uploaded file C:\\Users\\CCL\\Desktop\\mern\\mern\\server\\uploads\\1730972657539-9.mp4 as: files/x9zto9zjcn3a","timestamp":"2024-11-07T09:44:24.954Z"}
{"level":"info","message":"Waiting for file processing...","timestamp":"2024-11-07T09:44:24.955Z"}
{"level":"info","message":"\nFile is ready for use.","timestamp":"2024-11-07T09:44:37.071Z"}
{"0":"3","1":"2","2":"4","level":"info","message":"Received request for patientId:","timestamp":"2024-11-07T09:44:59.669Z"}
{"level":"info","message":"API key loaded successfully:","timestamp":"2024-11-07T09:53:01.397Z"}
{"level":"info","message":"API key loaded successfully:","timestamp":"2024-11-07T09:53:04.248Z"}
{"0":"3","1":"2","2":"4","level":"info","message":"Received request for patientId:","timestamp":"2024-11-07T09:53:42.374Z"}
{"level":"info","message":"API key loaded successfully:","timestamp":"2024-11-07T10:33:29.699Z"}
{"level":"info","message":"API key loaded successfully:","timestamp":"2024-11-07T10:33:33.208Z"}
{"level":"info","message":"Uploaded file C:\\Users\\CCL\\Desktop\\mern\\mern\\server\\uploads\\1730977287239-39c2f5f9-ac0a-42b0-b006-eaebb70b1ada.jpg as: files/m9748aq0dd00","timestamp":"2024-11-07T11:01:29.693Z"}
{"level":"info","message":"Uploaded file C:\\Users\\CCL\\Desktop\\mern\\mern\\server\\uploads\\1730977292023-9.mp4 as: files/tn25a0tge9ja","timestamp":"2024-11-07T11:01:37.919Z"}
{"level":"info","message":"Waiting for file processing...","timestamp":"2024-11-07T11:01:37.922Z"}
{"level":"info","message":"\nFile is ready for use.","timestamp":"2024-11-07T11:01:50.101Z"}
{"0":"3","1":"2","2":"4","level":"info","message":"Received request for patientId:","timestamp":"2024-11-07T11:02:10.612Z"}
{"level":"info","message":"API key loaded successfully:","timestamp":"2024-11-07T11:07:32.998Z"}
{"level":"info","message":"API key loaded successfully:","timestamp":"2024-11-07T11:07:35.696Z"}
{"level":"info","message":"API key loaded successfully:","timestamp":"2024-11-07T11:12:35.390Z"}
{"level":"info","message":"API key loaded successfully:","timestamp":"2024-11-07T11:12:38.675Z"}
{"0":"3","1":"2","2":"4","level":"info","message":"Received request for patientId:","timestamp":"2024-11-07T11:14:15.943Z"}
{"level":"info","message":"API key loaded successfully:","timestamp":"2024-11-07T11:22:23.178Z"}
{"level":"info","message":"API key loaded successfully:","timestamp":"2024-11-07T11:22:26.532Z"}
{"0":"3","1":"2","2":"4","level":"info","message":"Received request for patientId:","timestamp":"2024-11-07T11:23:24.224Z"}
{"level":"info","message":"API key loaded successfully:","timestamp":"2024-11-07T11:27:01.422Z"}
{"level":"info","message":"API key loaded successfully:","timestamp":"2024-11-07T11:27:04.649Z"}
{"level":"info","message":"API key loaded successfully:","timestamp":"2024-11-07T12:13:36.283Z"}
{"level":"info","message":"API key loaded successfully:","timestamp":"2024-11-07T12:13:39.287Z"}
{"level":"info","message":"Uploaded file C:\\Users\\CCL\\Desktop\\mern\\mern\\server\\uploads\\1730981786753-39c2f5f9-ac0a-42b0-b006-eaebb70b1ada.jpg as: files/g3vmv4yi4puv","timestamp":"2024-11-07T12:16:29.101Z"}
{"level":"info","message":"Uploaded file C:\\Users\\CCL\\Desktop\\mern\\mern\\server\\uploads\\1730981792165-9.mp4 as: files/wgz6qc6h02dk","timestamp":"2024-11-07T12:16:38.046Z"}
{"level":"info","message":"Waiting for file processing...","timestamp":"2024-11-07T12:16:38.051Z"}
{"level":"info","message":"\nFile is ready for use.","timestamp":"2024-11-07T12:16:49.538Z"}
{"0":"3","1":"2","2":"4","level":"info","message":"Received request for patientId:","timestamp":"2024-11-07T12:17:14.647Z"}
{"level":"info","message":"Uploaded file C:\\Users\\CCL\\Desktop\\mern\\mern\\server\\uploads\\1730982539496-39c2f5f9-ac0a-42b0-b006-eaebb70b1ada.jpg as: files/5samsjn7c66w","timestamp":"2024-11-07T12:29:01.647Z"}
{"level":"info","message":"Uploaded file C:\\Users\\CCL\\Desktop\\mern\\mern\\server\\uploads\\1730982543782-9.mp4 as: files/b18jbelk7ymi","timestamp":"2024-11-07T12:29:10.039Z"}
{"level":"info","message":"Waiting for file processing...","timestamp":"2024-11-07T12:29:10.044Z"}
{"level":"info","message":"\nFile is ready for use.","timestamp":"2024-11-07T12:29:21.938Z"}
{"0":"3","1":"2","2":"4","level":"info","message":"Received request for patientId:","timestamp":"2024-11-07T12:29:40.400Z"}
{"level":"info","message":"Uploaded file C:\\Users\\CCL\\Desktop\\mern\\mern\\server\\uploads\\1730983398273-demo-img.jpg as: files/lwywknm1ziw3","timestamp":"2024-11-07T12:43:20.533Z"}
{"level":"info","message":"Uploaded file C:\\Users\\CCL\\Desktop\\mern\\mern\\server\\uploads\\1730983403381-9.mp4 as: files/j40esqqhxcfk","timestamp":"2024-11-07T12:43:29.282Z"}
{"level":"info","message":"Waiting for file processing...","timestamp":"2024-11-07T12:43:29.283Z"}
{"level":"info","message":"\nFile is ready for use.","timestamp":"2024-11-07T12:43:40.721Z"}
{"0":"3","1":"2","2":"4","level":"info","message":"Received request for patientId:","timestamp":"2024-11-07T12:43:57.737Z"}
{"level":"info","message":"API key loaded successfully:","timestamp":"2024-11-07T13:13:23.608Z"}
{"level":"info","message":"API key loaded successfully:","timestamp":"2024-11-07T13:13:25.589Z"}
{"level":"info","message":"API key loaded successfully:","timestamp":"2024-11-07T14:06:47.402Z"}
{"level":"info","message":"API key loaded successfully:","timestamp":"2024-11-07T14:06:50.396Z"}
{"level":"info","message":"API key loaded successfully:","timestamp":"2024-11-07T14:11:02.717Z"}
{"level":"info","message":"API key loaded successfully:","timestamp":"2024-11-07T14:11:04.618Z"}
{"level":"info","message":"Uploaded file C:\\Users\\CCL\\Desktop\\mern\\mern\\server\\uploads\\1730988707177-39c2f5f9-ac0a-42b0-b006-eaebb70b1ada.jpg as: files/tsvc94srtmv3","timestamp":"2024-11-07T14:11:49.781Z"}
{"level":"info","message":"Uploaded file C:\\Users\\CCL\\Desktop\\mern\\mern\\server\\uploads\\1730988713661-9.mp4 as: files/6plnv81q4h2r","timestamp":"2024-11-07T14:11:58.884Z"}
{"level":"info","message":"Waiting for file processing...","timestamp":"2024-11-07T14:11:58.885Z"}
{"level":"info","message":"\nFile is ready for use.","timestamp":"2024-11-07T14:12:00.195Z"}
{"0":"3","1":"2","2":"4","level":"info","message":"Received request for patientId:","timestamp":"2024-11-07T14:12:21.167Z"}
{"level":"error","message":"Error generating prediction: Cannot read properties of undefined (reading 'webSearchQueries')","stack":"TypeError: Cannot read properties of undefined (reading 'webSearchQueries')\n    at Grounding (file:///C:/Users/CCL/Desktop/mern/mern/server/utils/grounding.js:102:74)\n    at process.processTicksAndRejections (node:internal/process/task_queues:95:5)\n    at async file:///C:/Users/CCL/Desktop/mern/mern/server/routes/record.js:1821:38","timestamp":"2024-11-07T14:13:13.815Z"}
{"level":"info","message":"API key loaded successfully:","timestamp":"2024-11-07T14:19:34.549Z"}
{"level":"info","message":"API key loaded successfully:","timestamp":"2024-11-07T14:19:37.473Z"}
{"0":"3","1":"2","2":"4","level":"info","message":"Received request for patientId:","timestamp":"2024-11-07T14:24:05.169Z"}
{"level":"error","message":"Error generating prediction: Cannot read properties of undefined (reading 'webSearchQueries')","stack":"TypeError: Cannot read properties of undefined (reading 'webSearchQueries')\n    at Grounding (file:///C:/Users/CCL/Desktop/mern/mern/server/utils/grounding.js:102:74)\n    at process.processTicksAndRejections (node:internal/process/task_queues:95:5)\n    at async file:///C:/Users/CCL/Desktop/mern/mern/server/routes/record.js:1821:38","timestamp":"2024-11-07T14:24:51.141Z"}
{"level":"info","message":"API key loaded successfully:","timestamp":"2024-11-07T14:30:25.411Z"}
{"level":"info","message":"API key loaded successfully:","timestamp":"2024-11-07T14:30:28.611Z"}
{"0":"3","1":"2","2":"4","level":"info","message":"Received request for patientId:","timestamp":"2024-11-07T14:30:33.596Z"}
{"level":"error","message":"Error generating prediction: Cannot read properties of undefined (reading 'webSearchQueries')","stack":"TypeError: Cannot read properties of undefined (reading 'webSearchQueries')\n    at Grounding (file:///C:/Users/CCL/Desktop/mern/mern/server/utils/grounding.js:102:80)\n    at process.processTicksAndRejections (node:internal/process/task_queues:95:5)\n    at async file:///C:/Users/CCL/Desktop/mern/mern/server/routes/record.js:1821:38","timestamp":"2024-11-07T14:31:20.676Z"}
{"level":"info","message":"API key loaded successfully:","timestamp":"2024-11-07T14:34:49.180Z"}
{"level":"info","message":"API key loaded successfully:","timestamp":"2024-11-07T14:34:51.589Z"}
{"level":"info","message":"API key loaded successfully:","timestamp":"2024-11-07T14:35:24.306Z"}
{"level":"info","message":"API key loaded successfully:","timestamp":"2024-11-07T14:35:26.188Z"}
{"0":"3","1":"2","2":"4","level":"info","message":"Received request for patientId:","timestamp":"2024-11-07T14:35:34.713Z"}
{"level":"info","message":"API key loaded successfully:","timestamp":"2024-11-07T15:01:40.817Z"}
{"level":"info","message":"API key loaded successfully:","timestamp":"2024-11-07T15:01:43.070Z"}
{"level":"info","message":"API key loaded successfully:","timestamp":"2024-11-07T15:02:16.808Z"}
{"level":"info","message":"API key loaded successfully:","timestamp":"2024-11-07T15:02:19.872Z"}
